This file contains any messages produced by compilers while
running configure, to aid debugging if configure makes a mistake.

It was created by sphinxbase configure 5prealpha, which was
generated by GNU Autoconf 2.69.  Invocation command line was

  $ ./configure 

## --------- ##
## Platform. ##
## --------- ##

hostname = debiandesk
uname -m = x86_64
uname -r = 3.2.0-4-amd64
uname -s = Linux
uname -v = #1 SMP Debian 3.2.57-3+deb7u2

/usr/bin/uname -p = unknown
/bin/uname -X     = unknown

/bin/arch              = unknown
/usr/bin/arch -k       = unknown
/usr/convex/getsysinfo = unknown
/usr/bin/hostinfo      = unknown
/bin/machine           = unknown
/usr/bin/oslevel       = unknown
/bin/universe          = unknown

PATH: /usr/local/src/android-sdk-linux/platform-tools
PATH: /usr/local/bin
PATH: /usr/bin
PATH: /bin
PATH: /usr/local/games
PATH: /usr/games


## ----------- ##
## Core tests. ##
## ----------- ##

configure:2548: checking for a BSD-compatible install
configure:2616: result: /usr/bin/install -c
configure:2627: checking whether build environment is sane
configure:2677: result: yes
configure:2818: checking for a thread-safe mkdir -p
configure:2857: result: /bin/mkdir -p
configure:2870: checking for gawk
configure:2900: result: no
configure:2870: checking for mawk
configure:2886: found /usr/bin/mawk
configure:2897: result: mawk
configure:2908: checking whether make sets $(MAKE)
configure:2930: result: yes
configure:3009: checking build system type
configure:3023: result: x86_64-unknown-linux-gnu
configure:3043: checking host system type
configure:3056: result: x86_64-unknown-linux-gnu
configure:3103: checking for style of include used by make
configure:3131: result: GNU
configure:3202: checking for gcc
configure:3218: found /usr/bin/gcc
configure:3229: result: gcc
configure:3458: checking for C compiler version
configure:3467: gcc --version >&5
gcc (Debian 4.7.2-5) 4.7.2
Copyright (C) 2012 Free Software Foundation, Inc.
This is free software; see the source for copying conditions.  There is NO
warranty; not even for MERCHANTABILITY or FITNESS FOR A PARTICULAR PURPOSE.

configure:3478: $? = 0
configure:3467: gcc -v >&5
Using built-in specs.
COLLECT_GCC=gcc
COLLECT_LTO_WRAPPER=/usr/lib/gcc/x86_64-linux-gnu/4.7/lto-wrapper
Target: x86_64-linux-gnu
Configured with: ../src/configure -v --with-pkgversion='Debian 4.7.2-5' --with-bugurl=file:///usr/share/doc/gcc-4.7/README.Bugs --enable-languages=c,c++,go,fortran,objc,obj-c++ --prefix=/usr --program-suffix=-4.7 --enable-shared --enable-linker-build-id --with-system-zlib --libexecdir=/usr/lib --without-included-gettext --enable-threads=posix --with-gxx-include-dir=/usr/include/c++/4.7 --libdir=/usr/lib --enable-nls --with-sysroot=/ --enable-clocale=gnu --enable-libstdcxx-debug --enable-libstdcxx-time=yes --enable-gnu-unique-object --enable-plugin --enable-objc-gc --with-arch-32=i586 --with-tune=generic --enable-checking=release --build=x86_64-linux-gnu --host=x86_64-linux-gnu --target=x86_64-linux-gnu
Thread model: posix
gcc version 4.7.2 (Debian 4.7.2-5) 
configure:3478: $? = 0
configure:3467: gcc -V >&5
gcc: error: unrecognized command line option '-V'
gcc: fatal error: no input files
compilation terminated.
configure:3478: $? = 4
configure:3467: gcc -qversion >&5
gcc: error: unrecognized command line option '-qversion'
gcc: fatal error: no input files
compilation terminated.
configure:3478: $? = 4
configure:3498: checking whether the C compiler works
configure:3520: gcc -g -O2 -Wall   conftest.c  >&5
configure:3524: $? = 0
configure:3572: result: yes
configure:3575: checking for C compiler default output file name
configure:3577: result: a.out
configure:3583: checking for suffix of executables
configure:3590: gcc -o conftest -g -O2 -Wall   conftest.c  >&5
configure:3594: $? = 0
configure:3616: result: 
configure:3638: checking whether we are cross compiling
configure:3646: gcc -o conftest -g -O2 -Wall   conftest.c  >&5
configure:3650: $? = 0
configure:3657: ./conftest
configure:3661: $? = 0
configure:3676: result: no
configure:3681: checking for suffix of object files
configure:3703: gcc -c -g -O2 -Wall  conftest.c >&5
configure:3707: $? = 0
configure:3728: result: o
configure:3732: checking whether we are using the GNU C compiler
configure:3751: gcc -c -g -O2 -Wall  conftest.c >&5
configure:3751: $? = 0
configure:3760: result: yes
configure:3769: checking whether gcc accepts -g
configure:3789: gcc -c -g  conftest.c >&5
configure:3789: $? = 0
configure:3830: result: yes
configure:3847: checking for gcc option to accept ISO C89
configure:3910: gcc  -c -g -O2 -Wall  conftest.c >&5
configure:3910: $? = 0
configure:3923: result: none needed
configure:3945: checking dependency style of gcc
configure:4056: result: gcc3
configure:4072: checking for library containing strerror
configure:4103: gcc -o conftest -g -O2 -Wall   conftest.c  >&5
configure:4103: $? = 0
configure:4120: result: none required
configure:4176: checking for gcc
configure:4203: result: gcc
configure:4432: checking for C compiler version
configure:4441: gcc --version >&5
gcc (Debian 4.7.2-5) 4.7.2
Copyright (C) 2012 Free Software Foundation, Inc.
This is free software; see the source for copying conditions.  There is NO
warranty; not even for MERCHANTABILITY or FITNESS FOR A PARTICULAR PURPOSE.

configure:4452: $? = 0
configure:4441: gcc -v >&5
Using built-in specs.
COLLECT_GCC=gcc
COLLECT_LTO_WRAPPER=/usr/lib/gcc/x86_64-linux-gnu/4.7/lto-wrapper
Target: x86_64-linux-gnu
Configured with: ../src/configure -v --with-pkgversion='Debian 4.7.2-5' --with-bugurl=file:///usr/share/doc/gcc-4.7/README.Bugs --enable-languages=c,c++,go,fortran,objc,obj-c++ --prefix=/usr --program-suffix=-4.7 --enable-shared --enable-linker-build-id --with-system-zlib --libexecdir=/usr/lib --without-included-gettext --enable-threads=posix --with-gxx-include-dir=/usr/include/c++/4.7 --libdir=/usr/lib --enable-nls --with-sysroot=/ --enable-clocale=gnu --enable-libstdcxx-debug --enable-libstdcxx-time=yes --enable-gnu-unique-object --enable-plugin --enable-objc-gc --with-arch-32=i586 --with-tune=generic --enable-checking=release --build=x86_64-linux-gnu --host=x86_64-linux-gnu --target=x86_64-linux-gnu
Thread model: posix
gcc version 4.7.2 (Debian 4.7.2-5) 
configure:4452: $? = 0
configure:4441: gcc -V >&5
gcc: error: unrecognized command line option '-V'
gcc: fatal error: no input files
compilation terminated.
configure:4452: $? = 4
configure:4441: gcc -qversion >&5
gcc: error: unrecognized command line option '-qversion'
gcc: fatal error: no input files
compilation terminated.
configure:4452: $? = 4
configure:4456: checking whether we are using the GNU C compiler
configure:4484: result: yes
configure:4493: checking whether gcc accepts -g
configure:4554: result: yes
configure:4571: checking for gcc option to accept ISO C89
configure:4647: result: none needed
configure:4669: checking dependency style of gcc
configure:4780: result: gcc3
configure:4799: checking for gcc option to accept ISO C99
configure:4948: gcc  -c -g -O2 -Wall  conftest.c >&5
conftest.c:59:29: error: expected ';', ',' or ')' before 'text'
conftest.c: In function 'test_varargs':
conftest.c:80:9: warning: variable 'fnumber' set but not used [-Wunused-but-set-variable]
conftest.c:79:7: warning: variable 'number' set but not used [-Wunused-but-set-variable]
conftest.c:78:15: warning: variable 'str' set but not used [-Wunused-but-set-variable]
conftest.c: In function 'main':
conftest.c:111:3: warning: implicit declaration of function 'test_restrict' [-Wimplicit-function-declaration]
conftest.c:113:18: error: expected '=', ',', ';', 'asm' or '__attribute__' before 'newvar'
conftest.c:113:18: error: 'newvar' undeclared (first use in this function)
conftest.c:113:18: note: each undeclared identifier is reported only once for each function it appears in
conftest.c:123:3: error: 'for' loop initial declarations are only allowed in C99 mode
conftest.c:123:3: note: use option -std=c99 or -std=gnu99 to compile your code
configure:4948: $? = 1
configure: failed program was:
| /* confdefs.h */
| #define PACKAGE_NAME "sphinxbase"
| #define PACKAGE_TARNAME "sphinxbase"
| #define PACKAGE_VERSION "5prealpha"
| #define PACKAGE_STRING "sphinxbase 5prealpha"
| #define PACKAGE_BUGREPORT ""
| #define PACKAGE_URL ""
| /* end confdefs.h.  */
| #include <stdarg.h>
| #include <stdbool.h>
| #include <stdlib.h>
| #include <wchar.h>
| #include <stdio.h>
| 
| // Check varargs macros.  These examples are taken from C99 6.10.3.5.
| #define debug(...) fprintf (stderr, __VA_ARGS__)
| #define showlist(...) puts (#__VA_ARGS__)
| #define report(test,...) ((test) ? puts (#test) : printf (__VA_ARGS__))
| static void
| test_varargs_macros (void)
| {
|   int x = 1234;
|   int y = 5678;
|   debug ("Flag");
|   debug ("X = %d\n", x);
|   showlist (The first, second, and third items.);
|   report (x>y, "x is %d but y is %d", x, y);
| }
| 
| // Check long long types.
| #define BIG64 18446744073709551615ull
| #define BIG32 4294967295ul
| #define BIG_OK (BIG64 / BIG32 == 4294967297ull && BIG64 % BIG32 == 0)
| #if !BIG_OK
|   your preprocessor is broken;
| #endif
| #if BIG_OK
| #else
|   your preprocessor is broken;
| #endif
| static long long int bignum = -9223372036854775807LL;
| static unsigned long long int ubignum = BIG64;
| 
| struct incomplete_array
| {
|   int datasize;
|   double data[];
| };
| 
| struct named_init {
|   int number;
|   const wchar_t *name;
|   double average;
| };
| 
| typedef const char *ccp;
| 
| static inline int
| test_restrict (ccp restrict text)
| {
|   // See if C++-style comments work.
|   // Iterate through items via the restricted pointer.
|   // Also check for declarations in for loops.
|   for (unsigned int i = 0; *(text+i) != '\0'; ++i)
|     continue;
|   return 0;
| }
| 
| // Check varargs and va_copy.
| static void
| test_varargs (const char *format, ...)
| {
|   va_list args;
|   va_start (args, format);
|   va_list args_copy;
|   va_copy (args_copy, args);
| 
|   const char *str;
|   int number;
|   float fnumber;
| 
|   while (*format)
|     {
|       switch (*format++)
| 	{
| 	case 's': // string
| 	  str = va_arg (args_copy, const char *);
| 	  break;
| 	case 'd': // int
| 	  number = va_arg (args_copy, int);
| 	  break;
| 	case 'f': // float
| 	  fnumber = va_arg (args_copy, double);
| 	  break;
| 	default:
| 	  break;
| 	}
|     }
|   va_end (args_copy);
|   va_end (args);
| }
| 
| int
| main ()
| {
| 
|   // Check bool.
|   _Bool success = false;
| 
|   // Check restrict.
|   if (test_restrict ("String literal") == 0)
|     success = true;
|   char *restrict newvar = "Another string";
| 
|   // Check varargs.
|   test_varargs ("s, d' f .", "string", 65, 34.234);
|   test_varargs_macros ();
| 
|   // Check flexible array members.
|   struct incomplete_array *ia =
|     malloc (sizeof (struct incomplete_array) + (sizeof (double) * 10));
|   ia->datasize = 10;
|   for (int i = 0; i < ia->datasize; ++i)
|     ia->data[i] = i * 1.234;
| 
|   // Check named initializers.
|   struct named_init ni = {
|     .number = 34,
|     .name = L"Test wide string",
|     .average = 543.34343,
|   };
| 
|   ni.number = 58;
| 
|   int dynamic_array[ni.number];
|   dynamic_array[ni.number - 1] = 543;
| 
|   // work around unused variable warnings
|   return (!success || bignum == 0LL || ubignum == 0uLL || newvar[0] == 'x'
| 	  || dynamic_array[ni.number - 1] != 543);
| 
|   ;
|   return 0;
| }
configure:4948: gcc -std=gnu99 -c -g -O2 -Wall  conftest.c >&5
conftest.c: In function 'test_varargs':
conftest.c:80:9: warning: variable 'fnumber' set but not used [-Wunused-but-set-variable]
conftest.c:79:7: warning: variable 'number' set but not used [-Wunused-but-set-variable]
conftest.c:78:15: warning: variable 'str' set but not used [-Wunused-but-set-variable]
configure:4948: $? = 0
configure:4968: result: -std=gnu99
configure:5069: checking for gcc -std=gnu99 option to accept ISO Standard C
configure:5083: result: -std=gnu99
configure:5092: checking for bison
configure:5108: found /usr/bin/bison
configure:5120: result: bison -y
configure:5139: checking how to run the C preprocessor
configure:5170: gcc -std=gnu99 -E  conftest.c
configure:5170: $? = 0
configure:5184: gcc -std=gnu99 -E  conftest.c
conftest.c:9:28: fatal error: ac_nonexistent.h: No such file or directory
compilation terminated.
configure:5184: $? = 1
configure: failed program was:
| /* confdefs.h */
| #define PACKAGE_NAME "sphinxbase"
| #define PACKAGE_TARNAME "sphinxbase"
| #define PACKAGE_VERSION "5prealpha"
| #define PACKAGE_STRING "sphinxbase 5prealpha"
| #define PACKAGE_BUGREPORT ""
| #define PACKAGE_URL ""
| /* end confdefs.h.  */
| #include <ac_nonexistent.h>
configure:5209: result: gcc -std=gnu99 -E
configure:5229: gcc -std=gnu99 -E  conftest.c
configure:5229: $? = 0
configure:5243: gcc -std=gnu99 -E  conftest.c
conftest.c:9:28: fatal error: ac_nonexistent.h: No such file or directory
compilation terminated.
configure:5243: $? = 1
configure: failed program was:
| /* confdefs.h */
| #define PACKAGE_NAME "sphinxbase"
| #define PACKAGE_TARNAME "sphinxbase"
| #define PACKAGE_VERSION "5prealpha"
| #define PACKAGE_STRING "sphinxbase 5prealpha"
| #define PACKAGE_BUGREPORT ""
| #define PACKAGE_URL ""
| /* end confdefs.h.  */
| #include <ac_nonexistent.h>
configure:5272: checking for grep that handles long lines and -e
configure:5330: result: /bin/grep
configure:5335: checking for egrep
configure:5397: result: /bin/grep -E
configure:5402: checking for ANSI C header files
configure:5422: gcc -std=gnu99 -c -g -O2 -Wall  conftest.c >&5
configure:5422: $? = 0
configure:5495: gcc -std=gnu99 -o conftest -g -O2 -Wall   conftest.c  >&5
configure:5495: $? = 0
configure:5495: ./conftest
configure:5495: $? = 0
configure:5506: result: yes
configure:5519: checking for sys/types.h
configure:5519: gcc -std=gnu99 -c -g -O2 -Wall  conftest.c >&5
configure:5519: $? = 0
configure:5519: result: yes
configure:5519: checking for sys/stat.h
configure:5519: gcc -std=gnu99 -c -g -O2 -Wall  conftest.c >&5
configure:5519: $? = 0
configure:5519: result: yes
configure:5519: checking for stdlib.h
configure:5519: gcc -std=gnu99 -c -g -O2 -Wall  conftest.c >&5
configure:5519: $? = 0
configure:5519: result: yes
configure:5519: checking for string.h
configure:5519: gcc -std=gnu99 -c -g -O2 -Wall  conftest.c >&5
configure:5519: $? = 0
configure:5519: result: yes
configure:5519: checking for memory.h
configure:5519: gcc -std=gnu99 -c -g -O2 -Wall  conftest.c >&5
configure:5519: $? = 0
configure:5519: result: yes
configure:5519: checking for strings.h
configure:5519: gcc -std=gnu99 -c -g -O2 -Wall  conftest.c >&5
configure:5519: $? = 0
configure:5519: result: yes
configure:5519: checking for inttypes.h
configure:5519: gcc -std=gnu99 -c -g -O2 -Wall  conftest.c >&5
configure:5519: $? = 0
configure:5519: result: yes
configure:5519: checking for stdint.h
configure:5519: gcc -std=gnu99 -c -g -O2 -Wall  conftest.c >&5
configure:5519: $? = 0
configure:5519: result: yes
configure:5519: checking for unistd.h
configure:5519: gcc -std=gnu99 -c -g -O2 -Wall  conftest.c >&5
configure:5519: $? = 0
configure:5519: result: yes
configure:5531: checking whether byte ordering is bigendian
configure:5546: gcc -std=gnu99 -c -g -O2 -Wall  conftest.c >&5
conftest.c:20:9: error: unknown type name 'not'
conftest.c:20:15: error: expected '=', ',', ';', 'asm' or '__attribute__' before 'universal'
conftest.c:20:15: error: unknown type name 'universal'
configure:5546: $? = 1
configure: failed program was:
| /* confdefs.h */
| #define PACKAGE_NAME "sphinxbase"
| #define PACKAGE_TARNAME "sphinxbase"
| #define PACKAGE_VERSION "5prealpha"
| #define PACKAGE_STRING "sphinxbase 5prealpha"
| #define PACKAGE_BUGREPORT ""
| #define PACKAGE_URL ""
| #define STDC_HEADERS 1
| #define HAVE_SYS_TYPES_H 1
| #define HAVE_SYS_STAT_H 1
| #define HAVE_STDLIB_H 1
| #define HAVE_STRING_H 1
| #define HAVE_MEMORY_H 1
| #define HAVE_STRINGS_H 1
| #define HAVE_INTTYPES_H 1
| #define HAVE_STDINT_H 1
| #define HAVE_UNISTD_H 1
| /* end confdefs.h.  */
| #ifndef __APPLE_CC__
| 	       not a universal capable compiler
| 	     #endif
| 	     typedef int dummy;
| 
configure:5591: gcc -std=gnu99 -c -g -O2 -Wall  conftest.c >&5
configure:5591: $? = 0
configure:5609: gcc -std=gnu99 -c -g -O2 -Wall  conftest.c >&5
conftest.c: In function 'main':
conftest.c:26:4: error: unknown type name 'not'
conftest.c:26:12: error: expected '=', ',', ';', 'asm' or '__attribute__' before 'endian'
configure:5609: $? = 1
configure: failed program was:
| /* confdefs.h */
| #define PACKAGE_NAME "sphinxbase"
| #define PACKAGE_TARNAME "sphinxbase"
| #define PACKAGE_VERSION "5prealpha"
| #define PACKAGE_STRING "sphinxbase 5prealpha"
| #define PACKAGE_BUGREPORT ""
| #define PACKAGE_URL ""
| #define STDC_HEADERS 1
| #define HAVE_SYS_TYPES_H 1
| #define HAVE_SYS_STAT_H 1
| #define HAVE_STDLIB_H 1
| #define HAVE_STRING_H 1
| #define HAVE_MEMORY_H 1
| #define HAVE_STRINGS_H 1
| #define HAVE_INTTYPES_H 1
| #define HAVE_STDINT_H 1
| #define HAVE_UNISTD_H 1
| /* end confdefs.h.  */
| #include <sys/types.h>
| 		#include <sys/param.h>
| 
| int
| main ()
| {
| #if BYTE_ORDER != BIG_ENDIAN
| 		 not big endian
| 		#endif
| 
|   ;
|   return 0;
| }
configure:5737: result: no
configure:5755: checking return type of signal handlers
configure:5773: gcc -std=gnu99 -c -g -O2 -Wall  conftest.c >&5
conftest.c: In function 'main':
conftest.c:25:1: error: void value not ignored as it ought to be
configure:5773: $? = 1
configure: failed program was:
| /* confdefs.h */
| #define PACKAGE_NAME "sphinxbase"
| #define PACKAGE_TARNAME "sphinxbase"
| #define PACKAGE_VERSION "5prealpha"
| #define PACKAGE_STRING "sphinxbase 5prealpha"
| #define PACKAGE_BUGREPORT ""
| #define PACKAGE_URL ""
| #define STDC_HEADERS 1
| #define HAVE_SYS_TYPES_H 1
| #define HAVE_SYS_STAT_H 1
| #define HAVE_STDLIB_H 1
| #define HAVE_STRING_H 1
| #define HAVE_MEMORY_H 1
| #define HAVE_STRINGS_H 1
| #define HAVE_INTTYPES_H 1
| #define HAVE_STDINT_H 1
| #define HAVE_UNISTD_H 1
| /* end confdefs.h.  */
| #include <sys/types.h>
| #include <signal.h>
| 
| int
| main ()
| {
| return *(signal (0, 0)) (0) == 1;
|   ;
|   return 0;
| }
configure:5780: result: void
configure:5788: checking for long long
configure:5788: gcc -std=gnu99 -c -g -O2 -Wall  conftest.c >&5
configure:5788: $? = 0
configure:5788: gcc -std=gnu99 -c -g -O2 -Wall  conftest.c >&5
conftest.c: In function 'main':
conftest.c:56:24: error: expected expression before ')' token
configure:5788: $? = 1
configure: failed program was:
| /* confdefs.h */
| #define PACKAGE_NAME "sphinxbase"
| #define PACKAGE_TARNAME "sphinxbase"
| #define PACKAGE_VERSION "5prealpha"
| #define PACKAGE_STRING "sphinxbase 5prealpha"
| #define PACKAGE_BUGREPORT ""
| #define PACKAGE_URL ""
| #define STDC_HEADERS 1
| #define HAVE_SYS_TYPES_H 1
| #define HAVE_SYS_STAT_H 1
| #define HAVE_STDLIB_H 1
| #define HAVE_STRING_H 1
| #define HAVE_MEMORY_H 1
| #define HAVE_STRINGS_H 1
| #define HAVE_INTTYPES_H 1
| #define HAVE_STDINT_H 1
| #define HAVE_UNISTD_H 1
| #define RETSIGTYPE void
| /* end confdefs.h.  */
| #include <stdio.h>
| #ifdef HAVE_SYS_TYPES_H
| # include <sys/types.h>
| #endif
| #ifdef HAVE_SYS_STAT_H
| # include <sys/stat.h>
| #endif
| #ifdef STDC_HEADERS
| # include <stdlib.h>
| # include <stddef.h>
| #else
| # ifdef HAVE_STDLIB_H
| #  include <stdlib.h>
| # endif
| #endif
| #ifdef HAVE_STRING_H
| # if !defined STDC_HEADERS && defined HAVE_MEMORY_H
| #  include <memory.h>
| # endif
| # include <string.h>
| #endif
| #ifdef HAVE_STRINGS_H
| # include <strings.h>
| #endif
| #ifdef HAVE_INTTYPES_H
| # include <inttypes.h>
| #endif
| #ifdef HAVE_STDINT_H
| # include <stdint.h>
| #endif
| #ifdef HAVE_UNISTD_H
| # include <unistd.h>
| #endif
| int
| main ()
| {
| if (sizeof ((long long)))
| 	    return 0;
|   ;
|   return 0;
| }
configure:5788: result: yes
configure:5802: checking size of long long
configure:5807: gcc -std=gnu99 -o conftest -g -O2 -Wall   conftest.c  >&5
configure:5807: $? = 0
configure:5807: ./conftest
configure:5807: $? = 0
configure:5821: result: 8
configure:5835: checking size of long
configure:5840: gcc -std=gnu99 -o conftest -g -O2 -Wall   conftest.c  >&5
configure:5840: $? = 0
configure:5840: ./conftest
configure:5840: $? = 0
configure:5854: result: 8
configure:5867: checking for popen
configure:5867: gcc -std=gnu99 -o conftest -g -O2 -Wall   conftest.c  >&5
configure:5867: $? = 0
configure:5867: result: yes
configure:5867: checking for perror
configure:5867: gcc -std=gnu99 -o conftest -g -O2 -Wall   conftest.c  >&5
configure:5867: $? = 0
configure:5867: result: yes
configure:5867: checking for snprintf
configure:5867: gcc -std=gnu99 -o conftest -g -O2 -Wall   conftest.c  >&5
conftest.c:48:6: warning: conflicting types for built-in function 'snprintf' [enabled by default]
configure:5867: $? = 0
configure:5867: result: yes
configure:5876: checking errno.h usability
configure:5876: gcc -std=gnu99 -c -g -O2 -Wall  conftest.c >&5
configure:5876: $? = 0
configure:5876: result: yes
configure:5876: checking errno.h presence
configure:5876: gcc -std=gnu99 -E  conftest.c
configure:5876: $? = 0
configure:5876: result: yes
configure:5876: checking for errno.h
configure:5876: result: yes
configure:5922: checking for ld used by GCC
configure:5986: result: /usr/bin/ld
configure:5993: checking if the linker (/usr/bin/ld) is GNU ld
configure:6006: result: yes
configure:6013: checking for shared library run path origin
configure:6026: result: done
configure:6490: checking for iconv
configure:6512: gcc -std=gnu99 -o conftest -g -O2 -Wall   conftest.c  >&5
configure:6512: $? = 0
configure:6544: result: yes
configure:6565: checking for iconv declaration
configure:6594: gcc -std=gnu99 -c -g -O2 -Wall  conftest.c >&5
configure:6594: $? = 0
configure:6605: result: 
         extern size_t iconv (iconv_t cd, char * *inbuf, size_t *inbytesleft, char * *outbuf, size_t *outbytesleft);
configure:6629: checking for sgesv_ in -llapack
configure:6654: gcc -std=gnu99 -o conftest -g -O2 -Wall   conftest.c -llapack   >&5
/usr/bin/ld: cannot find -llapack
collect2: error: ld returned 1 exit status
configure:6654: $? = 1
configure: failed program was:
| /* confdefs.h */
| #define PACKAGE_NAME "sphinxbase"
| #define PACKAGE_TARNAME "sphinxbase"
| #define PACKAGE_VERSION "5prealpha"
| #define PACKAGE_STRING "sphinxbase 5prealpha"
| #define PACKAGE_BUGREPORT ""
| #define PACKAGE_URL ""
| #define STDC_HEADERS 1
| #define HAVE_SYS_TYPES_H 1
| #define HAVE_SYS_STAT_H 1
| #define HAVE_STDLIB_H 1
| #define HAVE_STRING_H 1
| #define HAVE_MEMORY_H 1
| #define HAVE_STRINGS_H 1
| #define HAVE_INTTYPES_H 1
| #define HAVE_STDINT_H 1
| #define HAVE_UNISTD_H 1
| #define RETSIGTYPE void
| #define HAVE_LONG_LONG 1
| #define SIZEOF_LONG_LONG 8
| #define SIZEOF_LONG 8
| #define HAVE_POPEN 1
| #define HAVE_PERROR 1
| #define HAVE_SNPRINTF 1
| #define HAVE_ICONV 1
| #define ICONV_CONST 
| /* end confdefs.h.  */
| 
| /* Override any GCC internal prototype to avoid an error.
|    Use char because int might match the return type of a GCC
|    builtin and then its argument prototype would still apply.  */
| #ifdef __cplusplus
| extern "C"
| #endif
| char sgesv_ ();
| int
| main ()
| {
| return sgesv_ ();
|   ;
|   return 0;
| }
configure:6663: result: no
configure:6746: checking for log in -lm
configure:6771: gcc -std=gnu99 -o conftest -g -O2 -Wall   conftest.c -lm   >&5
conftest.c:36:6: warning: conflicting types for built-in function 'log' [enabled by default]
configure:6771: $? = 0
configure:6780: result: yes
configure:6811: checking pthread.h usability
configure:6811: gcc -std=gnu99 -c -g -O2 -Wall  conftest.c >&5
configure:6811: $? = 0
configure:6811: result: yes
configure:6811: checking pthread.h presence
configure:6811: gcc -std=gnu99 -E  conftest.c
configure:6811: $? = 0
configure:6811: result: yes
configure:6811: checking for pthread.h
configure:6811: result: yes
configure:6821: checking for pthread_create in -lpthread
configure:6846: gcc -std=gnu99 -o conftest -g -O2 -Wall   conftest.c -lpthread  -lm  >&5
configure:6846: $? = 0
configure:6855: result: yes
configure:6942: checking pulse/pulseaudio.h usability
configure:6942: gcc -std=gnu99 -c -g -O2 -Wall  conftest.c >&5
configure:6942: $? = 0
configure:6942: result: yes
configure:6942: checking pulse/pulseaudio.h presence
configure:6942: gcc -std=gnu99 -E  conftest.c
configure:6942: $? = 0
configure:6942: result: yes
configure:6942: checking for pulse/pulseaudio.h
configure:6942: result: yes
configure:6950: checking for pa_simple_new in -lpulse-simple
configure:6975: gcc -std=gnu99 -o conftest -g -O2 -Wall   conftest.c -lpulse-simple  -lpthread -lm  >&5
configure:6975: $? = 0
configure:6984: result: yes
configure:6995: checking for pa_strerror in -lpulse
configure:7020: gcc -std=gnu99 -o conftest -g -O2 -Wall   conftest.c -lpulse  -lpulse-simple -lpthread -lm  >&5
configure:7020: $? = 0
configure:7029: result: yes
configure:7240: checking how to print strings
configure:7267: result: printf
configure:7288: checking for a sed that does not truncate output
configure:7352: result: /bin/sed
configure:7370: checking for fgrep
configure:7432: result: /bin/grep -F
configure:7467: checking for ld used by gcc -std=gnu99
configure:7534: result: /usr/bin/ld
configure:7541: checking if the linker (/usr/bin/ld) is GNU ld
configure:7556: result: yes
configure:7568: checking for BSD- or MS-compatible name lister (nm)
configure:7617: result: /usr/bin/nm -B
configure:7747: checking the name lister (/usr/bin/nm -B) interface
configure:7754: gcc -std=gnu99 -c -g -O2 -Wall  conftest.c >&5
configure:7757: /usr/bin/nm -B "conftest.o"
configure:7760: output
0000000000000000 B some_variable
configure:7767: result: BSD nm
configure:7770: checking whether ln -s works
configure:7774: result: yes
configure:7782: checking the maximum length of command line arguments
configure:7912: result: 1572864
configure:7929: checking whether the shell understands some XSI constructs
configure:7939: result: yes
configure:7943: checking whether the shell understands "+="
configure:7949: result: yes
configure:7984: checking how to convert x86_64-unknown-linux-gnu file names to x86_64-unknown-linux-gnu format
configure:8024: result: func_convert_file_noop
configure:8031: checking how to convert x86_64-unknown-linux-gnu file names to toolchain format
configure:8051: result: func_convert_file_noop
configure:8058: checking for /usr/bin/ld option to reload object files
configure:8065: result: -r
configure:8139: checking for objdump
configure:8155: found /usr/bin/objdump
configure:8166: result: objdump
configure:8198: checking how to recognize dependent libraries
configure:8396: result: pass_all
configure:8481: checking for dlltool
configure:8511: result: no
configure:8541: checking how to associate runtime and link libraries
configure:8568: result: printf %s\n
configure:8628: checking for ar
configure:8644: found /usr/bin/ar
configure:8655: result: ar
configure:8692: checking for archiver @FILE support
configure:8709: gcc -std=gnu99 -c -g -O2 -Wall  conftest.c >&5
configure:8709: $? = 0
configure:8712: ar cru libconftest.a @conftest.lst >&5
configure:8715: $? = 0
configure:8720: ar cru libconftest.a @conftest.lst >&5
ar: conftest.o: No such file or directory
configure:8723: $? = 1
configure:8735: result: @
configure:8793: checking for strip
configure:8809: found /usr/bin/strip
configure:8820: result: strip
configure:8892: checking for ranlib
configure:8908: found /usr/bin/ranlib
configure:8919: result: ranlib
configure:9021: checking command to parse /usr/bin/nm -B output from gcc -std=gnu99 object
configure:9141: gcc -std=gnu99 -c -g -O2 -Wall  conftest.c >&5
configure:9144: $? = 0
configure:9148: /usr/bin/nm -B conftest.o \| sed -n -e 's/^.*[ ]\([ABCDGIRSTW][ABCDGIRSTW]*\)[ ][ ]*\([_A-Za-z][_A-Za-z0-9]*\)$/\1 \2 \2/p' | sed '/ __gnu_lto/d' \> conftest.nm
configure:9151: $? = 0
configure:9217: gcc -std=gnu99 -o conftest -g -O2 -Wall   conftest.c conftstm.o >&5
configure:9220: $? = 0
configure:9258: result: ok
configure:9295: checking for sysroot
configure:9325: result: no
configure:9402: gcc -std=gnu99 -c -g -O2 -Wall  conftest.c >&5
configure:9405: $? = 0
configure:9581: checking for mt
configure:9597: found /bin/mt
configure:9608: result: mt
configure:9631: checking if mt is a manifest tool
configure:9637: mt '-?'
configure:9645: result: no
configure:10284: checking for dlfcn.h
configure:10284: gcc -std=gnu99 -c -g -O2 -Wall  conftest.c >&5
configure:10284: $? = 0
configure:10284: result: yes
configure:10490: checking for objdir
configure:10505: result: .libs
configure:10776: checking if gcc -std=gnu99 supports -fno-rtti -fno-exceptions
configure:10794: gcc -std=gnu99 -c -g -O2 -Wall  -fno-rtti -fno-exceptions conftest.c >&5
cc1: warning: command line option '-fno-rtti' is valid for C++/ObjC++ but not for C [enabled by default]
configure:10798: $? = 0
configure:10811: result: no
configure:11138: checking for gcc -std=gnu99 option to produce PIC
configure:11145: result: -fPIC -DPIC
configure:11153: checking if gcc -std=gnu99 PIC flag -fPIC -DPIC works
configure:11171: gcc -std=gnu99 -c -g -O2 -Wall  -fPIC -DPIC -DPIC conftest.c >&5
configure:11175: $? = 0
configure:11188: result: yes
configure:11217: checking if gcc -std=gnu99 static flag -static works
configure:11245: result: no
configure:11260: checking if gcc -std=gnu99 supports -c -o file.o
configure:11281: gcc -std=gnu99 -c -g -O2 -Wall  -o out/conftest2.o conftest.c >&5
configure:11285: $? = 0
configure:11307: result: yes
configure:11315: checking if gcc -std=gnu99 supports -c -o file.o
configure:11362: result: yes
configure:11395: checking whether the gcc -std=gnu99 linker (/usr/bin/ld -m elf_x86_64) supports shared libraries
configure:12552: result: yes
configure:12589: checking whether -lc should be explicitly linked in
configure:12597: gcc -std=gnu99 -c -g -O2 -Wall  conftest.c >&5
configure:12600: $? = 0
configure:12615: gcc -std=gnu99 -shared  -fPIC -DPIC conftest.o  -v -Wl,-soname -Wl,conftest -o conftest 2\>\&1 \| /bin/grep  -lc  \>/dev/null 2\>\&1
configure:12618: $? = 0
configure:12632: result: no
configure:12792: checking dynamic linker characteristics
configure:13292: gcc -std=gnu99 -o conftest -g -O2 -Wall   -Wl,-rpath -Wl,/foo conftest.c -lpulse -lpulse-simple -lpthread -lm  >&5
configure:13292: $? = 0
configure:13526: result: GNU/Linux ld.so
configure:13633: checking how to hardcode library paths into programs
configure:13658: result: immediate
configure:14198: checking whether stripping libraries is possible
configure:14203: result: yes
configure:14238: checking if libtool supports shared libraries
configure:14240: result: yes
configure:14243: checking whether to build shared libraries
configure:14264: result: yes
configure:14267: checking whether to build static libraries
configure:14271: result: yes
configure:14311: checking for doxygen
configure:14339: result: no
configure:14398: checking for a Python interpreter with version >= 2.4
configure:14415: python -c import sys # split strings by '.' and convert to numeric. Append some zeros # because we need at least 4 digits for the hex conversion. # map returns an iterator in Python 3.0 and a list in 2.x minver = list(map(int, '2.4'.split('.'))) + [0, 0, 0] minverhex = 0 # xrange is not present in Python 3.0 and range returns an iterator for i in list(range(0, 4)): minverhex = (minverhex << 8) + minver[i] sys.exit(sys.hexversion < minverhex)
configure:14418: $? = 0
configure:14424: result: python
configure:14432: checking for python
configure:14450: found /usr/bin/python
configure:14462: result: /usr/bin/python
configure:14480: checking for python version
configure:14487: result: 2.7
configure:14499: checking for python platform
configure:14506: result: linux2
configure:14513: checking for python script directory
configure:14541: result: ${prefix}/lib/python2.7/dist-packages
configure:14550: checking for python extension module directory
configure:14578: result: ${exec_prefix}/lib/python2.7/dist-packages
configure:14591: checking for python include path
configure:14607: result: -I/usr/include/python2.7
configure:14615: checking for swig
configure:14633: found /usr/bin/swig
configure:14645: result: /usr/bin/swig
configure:14659: checking SWIG version
configure:14662: result: 2.0.7
configure:14711: checking for SWIG library
configure:14714: result: /usr/share/swig2.0
configure:14742: checking for pkg-config
configure:14758: found /usr/bin/pkg-config
configure:14770: result: yes
configure:14829: checking for pkg-config
configure:14847: found /usr/bin/pkg-config
configure:14859: result: /usr/bin/pkg-config
configure:14884: checking pkg-config is at least version 0.9.0
configure:14887: result: yes
configure:14898: checking for SNDFILE
configure:14906: $PKG_CONFIG --exists --print-errors "sndfile"
Package sndfile was not found in the pkg-config search path.
Perhaps you should add the directory containing `sndfile.pc'
to the PKG_CONFIG_PATH environment variable
No package 'sndfile' found
configure:14909: $? = 1
configure:14924: $PKG_CONFIG --exists --print-errors "sndfile"
Package sndfile was not found in the pkg-config search path.
Perhaps you should add the directory containing `sndfile.pc'
to the PKG_CONFIG_PATH environment variable
No package 'sndfile' found
configure:14927: $? = 1
No package 'sndfile' found
configure:14955: result: no
configure:14969: checking sndfile.h usability
configure:14969: gcc -std=gnu99 -c -g -O2 -Wall  conftest.c >&5
conftest.c:71:21: fatal error: sndfile.h: No such file or directory
compilation terminated.
configure:14969: $? = 1
configure: failed program was:
| /* confdefs.h */
| #define PACKAGE_NAME "sphinxbase"
| #define PACKAGE_TARNAME "sphinxbase"
| #define PACKAGE_VERSION "5prealpha"
| #define PACKAGE_STRING "sphinxbase 5prealpha"
| #define PACKAGE_BUGREPORT ""
| #define PACKAGE_URL ""
| #define STDC_HEADERS 1
| #define HAVE_SYS_TYPES_H 1
| #define HAVE_SYS_STAT_H 1
| #define HAVE_STDLIB_H 1
| #define HAVE_STRING_H 1
| #define HAVE_MEMORY_H 1
| #define HAVE_STRINGS_H 1
| #define HAVE_INTTYPES_H 1
| #define HAVE_STDINT_H 1
| #define HAVE_UNISTD_H 1
| #define RETSIGTYPE void
| #define HAVE_LONG_LONG 1
| #define SIZEOF_LONG_LONG 8
| #define SIZEOF_LONG 8
| #define HAVE_POPEN 1
| #define HAVE_PERROR 1
| #define HAVE_SNPRINTF 1
| #define HAVE_ICONV 1
| #define ICONV_CONST 
| #define WITH_LAPACK /**/
| #define HAVE_LIBM 1
| #define HAVE_PTHREAD_H 1
| #define HAVE_LIBPTHREAD 1
| #define ENABLE_THREADS /**/
| #define AD_BACKEND_PULSEAUDIO /**/
| #define HAVE_LIBPULSE_SIMPLE 1
| #define HAVE_LIBPULSE 1
| #define HAVE_DLFCN_H 1
| #define LT_OBJDIR ".libs/"
| /* end confdefs.h.  */
| #include <stdio.h>
| #ifdef HAVE_SYS_TYPES_H
| # include <sys/types.h>
| #endif
| #ifdef HAVE_SYS_STAT_H
| # include <sys/stat.h>
| #endif
| #ifdef STDC_HEADERS
| # include <stdlib.h>
| # include <stddef.h>
| #else
| # ifdef HAVE_STDLIB_H
| #  include <stdlib.h>
| # endif
| #endif
| #ifdef HAVE_STRING_H
| # if !defined STDC_HEADERS && defined HAVE_MEMORY_H
| #  include <memory.h>
| # endif
| # include <string.h>
| #endif
| #ifdef HAVE_STRINGS_H
| # include <strings.h>
| #endif
| #ifdef HAVE_INTTYPES_H
| # include <inttypes.h>
| #endif
| #ifdef HAVE_STDINT_H
| # include <stdint.h>
| #endif
| #ifdef HAVE_UNISTD_H
| # include <unistd.h>
| #endif
| #include <sndfile.h>
configure:14969: result: no
configure:14969: checking sndfile.h presence
configure:14969: gcc -std=gnu99 -E  conftest.c
conftest.c:38:21: fatal error: sndfile.h: No such file or directory
compilation terminated.
configure:14969: $? = 1
configure: failed program was:
| /* confdefs.h */
| #define PACKAGE_NAME "sphinxbase"
| #define PACKAGE_TARNAME "sphinxbase"
| #define PACKAGE_VERSION "5prealpha"
| #define PACKAGE_STRING "sphinxbase 5prealpha"
| #define PACKAGE_BUGREPORT ""
| #define PACKAGE_URL ""
| #define STDC_HEADERS 1
| #define HAVE_SYS_TYPES_H 1
| #define HAVE_SYS_STAT_H 1
| #define HAVE_STDLIB_H 1
| #define HAVE_STRING_H 1
| #define HAVE_MEMORY_H 1
| #define HAVE_STRINGS_H 1
| #define HAVE_INTTYPES_H 1
| #define HAVE_STDINT_H 1
| #define HAVE_UNISTD_H 1
| #define RETSIGTYPE void
| #define HAVE_LONG_LONG 1
| #define SIZEOF_LONG_LONG 8
| #define SIZEOF_LONG 8
| #define HAVE_POPEN 1
| #define HAVE_PERROR 1
| #define HAVE_SNPRINTF 1
| #define HAVE_ICONV 1
| #define ICONV_CONST 
| #define WITH_LAPACK /**/
| #define HAVE_LIBM 1
| #define HAVE_PTHREAD_H 1
| #define HAVE_LIBPTHREAD 1
| #define ENABLE_THREADS /**/
| #define AD_BACKEND_PULSEAUDIO /**/
| #define HAVE_LIBPULSE_SIMPLE 1
| #define HAVE_LIBPULSE 1
| #define HAVE_DLFCN_H 1
| #define LT_OBJDIR ".libs/"
| /* end confdefs.h.  */
| #include <sndfile.h>
configure:14969: result: no
configure:14969: checking for sndfile.h
configure:14969: result: no
configure:14981: checking for SAMPLERATE
configure:14989: $PKG_CONFIG --exists --print-errors "samplerate"
Package samplerate was not found in the pkg-config search path.
Perhaps you should add the directory containing `samplerate.pc'
to the PKG_CONFIG_PATH environment variable
No package 'samplerate' found
configure:14992: $? = 1
configure:15007: $PKG_CONFIG --exists --print-errors "samplerate"
Package samplerate was not found in the pkg-config search path.
Perhaps you should add the directory containing `samplerate.pc'
to the PKG_CONFIG_PATH environment variable
No package 'samplerate' found
configure:15010: $? = 1
No package 'samplerate' found
configure:15038: result: no
configure:15052: checking samplerate.h usability
configure:15052: gcc -std=gnu99 -c -g -O2 -Wall  conftest.c >&5
conftest.c:71:24: fatal error: samplerate.h: No such file or directory
compilation terminated.
configure:15052: $? = 1
configure: failed program was:
| /* confdefs.h */
| #define PACKAGE_NAME "sphinxbase"
| #define PACKAGE_TARNAME "sphinxbase"
| #define PACKAGE_VERSION "5prealpha"
| #define PACKAGE_STRING "sphinxbase 5prealpha"
| #define PACKAGE_BUGREPORT ""
| #define PACKAGE_URL ""
| #define STDC_HEADERS 1
| #define HAVE_SYS_TYPES_H 1
| #define HAVE_SYS_STAT_H 1
| #define HAVE_STDLIB_H 1
| #define HAVE_STRING_H 1
| #define HAVE_MEMORY_H 1
| #define HAVE_STRINGS_H 1
| #define HAVE_INTTYPES_H 1
| #define HAVE_STDINT_H 1
| #define HAVE_UNISTD_H 1
| #define RETSIGTYPE void
| #define HAVE_LONG_LONG 1
| #define SIZEOF_LONG_LONG 8
| #define SIZEOF_LONG 8
| #define HAVE_POPEN 1
| #define HAVE_PERROR 1
| #define HAVE_SNPRINTF 1
| #define HAVE_ICONV 1
| #define ICONV_CONST 
| #define WITH_LAPACK /**/
| #define HAVE_LIBM 1
| #define HAVE_PTHREAD_H 1
| #define HAVE_LIBPTHREAD 1
| #define ENABLE_THREADS /**/
| #define AD_BACKEND_PULSEAUDIO /**/
| #define HAVE_LIBPULSE_SIMPLE 1
| #define HAVE_LIBPULSE 1
| #define HAVE_DLFCN_H 1
| #define LT_OBJDIR ".libs/"
| /* end confdefs.h.  */
| #include <stdio.h>
| #ifdef HAVE_SYS_TYPES_H
| # include <sys/types.h>
| #endif
| #ifdef HAVE_SYS_STAT_H
| # include <sys/stat.h>
| #endif
| #ifdef STDC_HEADERS
| # include <stdlib.h>
| # include <stddef.h>
| #else
| # ifdef HAVE_STDLIB_H
| #  include <stdlib.h>
| # endif
| #endif
| #ifdef HAVE_STRING_H
| # if !defined STDC_HEADERS && defined HAVE_MEMORY_H
| #  include <memory.h>
| # endif
| # include <string.h>
| #endif
| #ifdef HAVE_STRINGS_H
| # include <strings.h>
| #endif
| #ifdef HAVE_INTTYPES_H
| # include <inttypes.h>
| #endif
| #ifdef HAVE_STDINT_H
| # include <stdint.h>
| #endif
| #ifdef HAVE_UNISTD_H
| # include <unistd.h>
| #endif
| #include <samplerate.h>
configure:15052: result: no
configure:15052: checking samplerate.h presence
configure:15052: gcc -std=gnu99 -E  conftest.c
conftest.c:38:24: fatal error: samplerate.h: No such file or directory
compilation terminated.
configure:15052: $? = 1
configure: failed program was:
| /* confdefs.h */
| #define PACKAGE_NAME "sphinxbase"
| #define PACKAGE_TARNAME "sphinxbase"
| #define PACKAGE_VERSION "5prealpha"
| #define PACKAGE_STRING "sphinxbase 5prealpha"
| #define PACKAGE_BUGREPORT ""
| #define PACKAGE_URL ""
| #define STDC_HEADERS 1
| #define HAVE_SYS_TYPES_H 1
| #define HAVE_SYS_STAT_H 1
| #define HAVE_STDLIB_H 1
| #define HAVE_STRING_H 1
| #define HAVE_MEMORY_H 1
| #define HAVE_STRINGS_H 1
| #define HAVE_INTTYPES_H 1
| #define HAVE_STDINT_H 1
| #define HAVE_UNISTD_H 1
| #define RETSIGTYPE void
| #define HAVE_LONG_LONG 1
| #define SIZEOF_LONG_LONG 8
| #define SIZEOF_LONG 8
| #define HAVE_POPEN 1
| #define HAVE_PERROR 1
| #define HAVE_SNPRINTF 1
| #define HAVE_ICONV 1
| #define ICONV_CONST 
| #define WITH_LAPACK /**/
| #define HAVE_LIBM 1
| #define HAVE_PTHREAD_H 1
| #define HAVE_LIBPTHREAD 1
| #define ENABLE_THREADS /**/
| #define AD_BACKEND_PULSEAUDIO /**/
| #define HAVE_LIBPULSE_SIMPLE 1
| #define HAVE_LIBPULSE 1
| #define HAVE_DLFCN_H 1
| #define LT_OBJDIR ".libs/"
| /* end confdefs.h.  */
| #include <samplerate.h>
configure:15052: result: no
configure:15052: checking for samplerate.h
configure:15052: result: no
configure:15229: creating ./config.status

## ---------------------- ##
## Running config.status. ##
## ---------------------- ##

This file was extended by sphinxbase config.status 5prealpha, which was
generated by GNU Autoconf 2.69.  Invocation command line was

  CONFIG_FILES    = 
  CONFIG_HEADERS  = 
  CONFIG_LINKS    = 
  CONFIG_COMMANDS = 
  $ ./config.status 

on debiandesk

config.status:1168: creating sphinxbase.pc
config.status:1168: creating Makefile
config.status:1168: creating include/Makefile
config.status:1168: creating include/sphinxbase/Makefile
config.status:1168: creating src/Makefile
config.status:1168: creating src/libsphinxad/Makefile
config.status:1168: creating src/libsphinxbase/Makefile
config.status:1168: creating src/libsphinxbase/util/Makefile
config.status:1168: creating src/libsphinxbase/feat/Makefile
config.status:1168: creating src/libsphinxbase/fe/Makefile
config.status:1168: creating src/libsphinxbase/lm/Makefile
config.status:1168: creating src/sphinx_fe/Makefile
config.status:1168: creating src/sphinx_cepview/Makefile
config.status:1168: creating src/sphinx_jsgf2fsg/Makefile
config.status:1168: creating src/sphinx_adtools/Makefile
config.status:1168: creating src/sphinx_lmtools/Makefile
config.status:1168: creating doc/Makefile
config.status:1168: creating doc/doxyfile
config.status:1168: creating test/Makefile
config.status:1168: creating test/unit/testfuncs.sh
config.status:1168: creating test/unit/Makefile
config.status:1168: creating test/unit/test_alloc/Makefile
config.status:1168: creating test/unit/test_bitvec/Makefile
config.status:1168: creating test/unit/test_case/Makefile
config.status:1168: creating test/unit/test_string/Makefile
config.status:1168: creating test/unit/test_cmdln/Makefile
config.status:1168: creating test/unit/test_hash/Makefile
config.status:1168: creating test/unit/test_matrix/Makefile
config.status:1168: creating test/unit/test_feat/Makefile
config.status:1168: creating test/unit/test_fe/Makefile
config.status:1168: creating test/unit/test_logmath/Makefile
config.status:1168: creating test/unit/test_lineiter/Makefile
config.status:1168: creating test/unit/test_ngram/Makefile
config.status:1168: creating test/unit/test_fsg/Makefile
config.status:1168: creating test/unit/test_thread/Makefile
config.status:1168: creating test/unit/test_util/Makefile
config.status:1168: creating test/regression/testfuncs.sh
config.status:1168: creating test/regression/Makefile
config.status:1168: creating swig/Makefile
config.status:1168: creating swig/python/Makefile
config.status:1168: creating include/config.h
config.status:1349: include/config.h is unchanged
config.status:1168: creating include/sphinx_config.h
config.status:1349: include/sphinx_config.h is unchanged
config.status:1397: executing depfiles commands
config.status:1397: executing libtool commands

## ---------------- ##
## Cache variables. ##
## ---------------- ##

ac_cv_build=x86_64-unknown-linux-gnu
ac_cv_c_bigendian=no
ac_cv_c_compiler_gnu=yes
ac_cv_env_CC_set=
ac_cv_env_CC_value=
ac_cv_env_CFLAGS_set=
ac_cv_env_CFLAGS_value=
ac_cv_env_CPPFLAGS_set=
ac_cv_env_CPPFLAGS_value=
ac_cv_env_CPP_set=
ac_cv_env_CPP_value=
ac_cv_env_LDFLAGS_set=
ac_cv_env_LDFLAGS_value=
ac_cv_env_LIBS_set=
ac_cv_env_LIBS_value=
ac_cv_env_PKG_CONFIG_set=
ac_cv_env_PKG_CONFIG_value=
ac_cv_env_PYTHON_set=
ac_cv_env_PYTHON_value=
ac_cv_env_SAMPLERATE_CFLAGS_set=
ac_cv_env_SAMPLERATE_CFLAGS_value=
ac_cv_env_SAMPLERATE_LIBS_set=
ac_cv_env_SAMPLERATE_LIBS_value=
ac_cv_env_SNDFILE_CFLAGS_set=
ac_cv_env_SNDFILE_CFLAGS_value=
ac_cv_env_SNDFILE_LIBS_set=
ac_cv_env_SNDFILE_LIBS_value=
ac_cv_env_YACC_set=
ac_cv_env_YACC_value=
ac_cv_env_build_alias_set=
ac_cv_env_build_alias_value=
ac_cv_env_host_alias_set=
ac_cv_env_host_alias_value=
ac_cv_env_target_alias_set=
ac_cv_env_target_alias_value=
ac_cv_func_perror=yes
ac_cv_func_popen=yes
ac_cv_func_snprintf=yes
ac_cv_header_dlfcn_h=yes
ac_cv_header_errno_h=yes
ac_cv_header_inttypes_h=yes
ac_cv_header_memory_h=yes
ac_cv_header_pthread_h=yes
ac_cv_header_pulse_pulseaudio_h=yes
ac_cv_header_samplerate_h=no
ac_cv_header_sndfile_h=no
ac_cv_header_stdc=yes
ac_cv_header_stdint_h=yes
ac_cv_header_stdlib_h=yes
ac_cv_header_string_h=yes
ac_cv_header_strings_h=yes
ac_cv_header_sys_stat_h=yes
ac_cv_header_sys_types_h=yes
ac_cv_header_unistd_h=yes
ac_cv_host=x86_64-unknown-linux-gnu
ac_cv_lib_lapack_sgesv_=no
ac_cv_lib_m_log=yes
ac_cv_lib_pthread_pthread_create=yes
ac_cv_lib_pulse_pa_strerror=yes
ac_cv_lib_pulse_simple_pa_simple_new=yes
ac_cv_objext=o
ac_cv_path_EGREP='/bin/grep -E'
ac_cv_path_FGREP='/bin/grep -F'
ac_cv_path_GREP=/bin/grep
ac_cv_path_PYTHON=/usr/bin/python
ac_cv_path_SED=/bin/sed
ac_cv_path_SWIG=/usr/bin/swig
ac_cv_path_ac_pt_PKG_CONFIG=/usr/bin/pkg-config
ac_cv_path_install='/usr/bin/install -c'
ac_cv_path_mkdir=/bin/mkdir
ac_cv_prog_AWK=mawk
ac_cv_prog_CPP='gcc -std=gnu99 -E'
ac_cv_prog_HAVE_DOXYGEN=no
ac_cv_prog_HAVE_PKGCONFIG=yes
ac_cv_prog_YACC='bison -y'
ac_cv_prog_ac_ct_AR=ar
ac_cv_prog_ac_ct_CC=gcc
ac_cv_prog_ac_ct_MANIFEST_TOOL=mt
ac_cv_prog_ac_ct_OBJDUMP=objdump
ac_cv_prog_ac_ct_RANLIB=ranlib
ac_cv_prog_ac_ct_STRIP=strip
ac_cv_prog_cc_c89=
ac_cv_prog_cc_c99=-std=gnu99
ac_cv_prog_cc_g=yes
ac_cv_prog_cc_stdc=-std=gnu99
ac_cv_prog_make_make_set=yes
ac_cv_search_strerror='none required'
ac_cv_sizeof_long=8
ac_cv_sizeof_long_long=8
ac_cv_type_long_long=yes
ac_cv_type_signal=void
acl_cv_hardcode_direct=no
acl_cv_hardcode_libdir_flag_spec='${wl}-rpath ${wl}$libdir'
acl_cv_hardcode_libdir_separator=
acl_cv_hardcode_minus_L=no
acl_cv_libext=a
acl_cv_path_LD=/usr/bin/ld
acl_cv_prog_gnu_ld=yes
acl_cv_rpath=done
acl_cv_shlibext=so
acl_cv_wl=-Wl,
am_cv_CC_dependencies_compiler_type=gcc3
am_cv_func_iconv=yes
am_cv_lib_iconv=no
am_cv_pathless_PYTHON=python
am_cv_proto_iconv='extern size_t iconv (iconv_t cd, char * *inbuf, size_t *inbytesleft, char * *outbuf, size_t *outbytesleft);'
am_cv_proto_iconv_arg1=
am_cv_python_platform=linux2
am_cv_python_pyexecdir='${exec_prefix}/lib/python2.7/dist-packages'
am_cv_python_pythondir='${prefix}/lib/python2.7/dist-packages'
am_cv_python_version=2.7
lt_cv_ar_at_file=@
lt_cv_archive_cmds_need_lc=no
lt_cv_deplibs_check_method=pass_all
lt_cv_file_magic_cmd='$MAGIC_CMD'
lt_cv_file_magic_test_file=
lt_cv_ld_reload_flag=-r
lt_cv_nm_interface='BSD nm'
lt_cv_objdir=.libs
lt_cv_path_LD=/usr/bin/ld
lt_cv_path_NM='/usr/bin/nm -B'
lt_cv_path_mainfest_tool=no
lt_cv_prog_compiler_c_o=yes
lt_cv_prog_compiler_pic='-fPIC -DPIC'
lt_cv_prog_compiler_pic_works=yes
lt_cv_prog_compiler_rtti_exceptions=no
lt_cv_prog_compiler_static_works=no
lt_cv_prog_gnu_ld=yes
lt_cv_sharedlib_from_linklib_cmd='printf %s\n'
lt_cv_shlibpath_overrides_runpath=no
lt_cv_sys_global_symbol_pipe='sed -n -e '\''s/^.*[	 ]\([ABCDGIRSTW][ABCDGIRSTW]*\)[	 ][	 ]*\([_A-Za-z][_A-Za-z0-9]*\)$/\1 \2 \2/p'\'' | sed '\''/ __gnu_lto/d'\'''
lt_cv_sys_global_symbol_to_c_name_address='sed -n -e '\''s/^: \([^ ]*\)[ ]*$/  {\"\1\", (void *) 0},/p'\'' -e '\''s/^[ABCDGIRSTW]* \([^ ]*\) \([^ ]*\)$/  {"\2", (void *) \&\2},/p'\'''
lt_cv_sys_global_symbol_to_c_name_address_lib_prefix='sed -n -e '\''s/^: \([^ ]*\)[ ]*$/  {\"\1\", (void *) 0},/p'\'' -e '\''s/^[ABCDGIRSTW]* \([^ ]*\) \(lib[^ ]*\)$/  {"\2", (void *) \&\2},/p'\'' -e '\''s/^[ABCDGIRSTW]* \([^ ]*\) \([^ ]*\)$/  {"lib\2", (void *) \&\2},/p'\'''
lt_cv_sys_global_symbol_to_cdecl='sed -n -e '\''s/^T .* \(.*\)$/extern int \1();/p'\'' -e '\''s/^[ABCDGIRSTW]* .* \(.*\)$/extern char \1;/p'\'''
lt_cv_sys_max_cmd_len=1572864
lt_cv_to_host_file_cmd=func_convert_file_noop
lt_cv_to_tool_file_cmd=func_convert_file_noop

## ----------------- ##
## Output variables. ##
## ----------------- ##

ACLOCAL='${SHELL} /usr/local/src/pocketsphinx_github/sphinxbase/missing --run aclocal-1.11'
AMDEPBACKSLASH='\'
AMDEP_FALSE='#'
AMDEP_TRUE=''
AMTAR='$${TAR-tar}'
AR='ar'
AUTOCONF='${SHELL} /usr/local/src/pocketsphinx_github/sphinxbase/missing --run autoconf'
AUTOHEADER='${SHELL} /usr/local/src/pocketsphinx_github/sphinxbase/missing --run autoheader'
AUTOMAKE='${SHELL} /usr/local/src/pocketsphinx_github/sphinxbase/missing --run automake-1.11'
AWK='mawk'
BUILD_DOXYGEN_FALSE=''
BUILD_DOXYGEN_TRUE='#'
BUILD_SWIG_FALSE='#'
BUILD_SWIG_TRUE=''
CC='gcc -std=gnu99'
CCDEPMODE='depmode=gcc3'
CFLAGS='-g -O2 -Wall'
CPP='gcc -std=gnu99 -E'
CPPFLAGS=''
CYGPATH_W='echo'
DEFS='-DHAVE_CONFIG_H'
DEPDIR='.deps'
DLLTOOL='false'
DSYMUTIL=''
DUMPBIN=''
ECHO_C=''
ECHO_N='-n'
ECHO_T=''
EGREP='/bin/grep -E'
EXEEXT=''
FGREP='/bin/grep -F'
FIXED_POINT_FALSE=''
FIXED_POINT_TRUE='#'
GREP='/bin/grep'
HAVE_DOXYGEN='no'
HAVE_PKGCONFIG='yes'
INSTALL_DATA='${INSTALL} -m 644'
INSTALL_PROGRAM='${INSTALL}'
INSTALL_SCRIPT='${INSTALL}'
INSTALL_STRIP_PROGRAM='$(install_sh) -c -s'
LAPACK_LITE_FALSE='#'
LAPACK_LITE_TRUE=''
LD='/usr/bin/ld -m elf_x86_64'
LDFLAGS=''
LIBICONV=''
LIBOBJS=''
LIBS='-lpulse -lpulse-simple -lpthread -lm '
LIBTOOL='$(SHELL) $(top_builddir)/libtool'
LIPO=''
LN_S='ln -s'
LTLIBICONV=''
LTLIBOBJS=''
MAKEINFO='${SHELL} /usr/local/src/pocketsphinx_github/sphinxbase/missing --run makeinfo'
MANIFEST_TOOL=':'
MKDIR_P='/bin/mkdir -p'
NM='/usr/bin/nm -B'
NMEDIT=''
OBJDUMP='objdump'
OBJEXT='o'
OTOOL64=''
OTOOL=''
PACKAGE='sphinxbase'
PACKAGE_BUGREPORT=''
PACKAGE_NAME='sphinxbase'
PACKAGE_STRING='sphinxbase 5prealpha'
PACKAGE_TARNAME='sphinxbase'
PACKAGE_URL=''
PACKAGE_VERSION='5prealpha'
PATH_SEPARATOR=':'
PKG_CONFIG='/usr/bin/pkg-config'
PYTHON='/usr/bin/python'
PYTHON_CPPFLAGS='-I/usr/include/python2.7'
PYTHON_EXEC_PREFIX='${exec_prefix}'
PYTHON_PLATFORM='linux2'
PYTHON_PREFIX='${prefix}'
PYTHON_VERSION='2.7'
RANLIB='ranlib'
SAMPLERATE_CFLAGS=''
SAMPLERATE_LIBS=''
SED='/bin/sed'
SET_MAKE=''
SHELL='/bin/bash'
SNDFILE_CFLAGS=''
SNDFILE_LIBS=''
STRIP='strip'
SWIG='/usr/bin/swig'
SWIG_LIB='/usr/share/swig2.0'
USE_LAPACK_FALSE='#'
USE_LAPACK_TRUE=''
USE_THREADS_FALSE='#'
USE_THREADS_TRUE=''
VERSION='5prealpha'
YACC='bison -y'
ac_ct_AR='ar'
ac_ct_CC='gcc'
ac_ct_DUMPBIN=''
ad_backend='AD_BACKEND_PULSEAUDIO'
ad_files='ad_pulse.lo'
ad_libs=''
am__EXEEXT_FALSE=''
am__EXEEXT_TRUE='#'
am__fastdepCC_FALSE='#'
am__fastdepCC_TRUE=''
am__include='include'
am__isrc=''
am__leading_dot='.'
am__nodep='_no'
am__quote=''
am__tar='$${TAR-tar} chof - "$$tardir"'
am__untar='$${TAR-tar} xf -'
bindir='${exec_prefix}/bin'
build='x86_64-unknown-linux-gnu'
build_alias=''
build_cpu='x86_64'
build_os='linux-gnu'
build_vendor='unknown'
datadir='${datarootdir}'
datarootdir='${prefix}/share'
docdir='${datarootdir}/doc/${PACKAGE_TARNAME}'
dvidir='${docdir}'
exec_prefix='${prefix}'
host='x86_64-unknown-linux-gnu'
host_alias=''
host_cpu='x86_64'
host_os='linux-gnu'
host_vendor='unknown'
htmldir='${docdir}'
includedir='${prefix}/include'
infodir='${datarootdir}/info'
install_sh='${SHELL} /usr/local/src/pocketsphinx_github/sphinxbase/install-sh'
libdir='${exec_prefix}/lib'
libexecdir='${exec_prefix}/libexec'
localedir='${datarootdir}/locale'
localstatedir='${prefix}/var'
mandir='${datarootdir}/man'
mkdir_p='/bin/mkdir -p'
oldincludedir='/usr/include'
pdfdir='${docdir}'
pkgpyexecdir='${pyexecdir}/sphinxbase'
pkgpythondir='${pythondir}/sphinxbase'
prefix='/usr/local'
program_transform_name='s,x,x,'
psdir='${docdir}'
pyexecdir='${exec_prefix}/lib/python2.7/dist-packages'
pythondir='${prefix}/lib/python2.7/dist-packages'
sbindir='${exec_prefix}/sbin'
sharedstatedir='${prefix}/com'
sysconfdir='${prefix}/etc'
target_alias=''

## ----------- ##
## confdefs.h. ##
## ----------- ##

/* confdefs.h */
#define PACKAGE_NAME "sphinxbase"
#define PACKAGE_TARNAME "sphinxbase"
#define PACKAGE_VERSION "5prealpha"
#define PACKAGE_STRING "sphinxbase 5prealpha"
#define PACKAGE_BUGREPORT ""
#define PACKAGE_URL ""
#define STDC_HEADERS 1
#define HAVE_SYS_TYPES_H 1
#define HAVE_SYS_STAT_H 1
#define HAVE_STDLIB_H 1
#define HAVE_STRING_H 1
#define HAVE_MEMORY_H 1
#define HAVE_STRINGS_H 1
#define HAVE_INTTYPES_H 1
#define HAVE_STDINT_H 1
#define HAVE_UNISTD_H 1
#define RETSIGTYPE void
#define HAVE_LONG_LONG 1
#define SIZEOF_LONG_LONG 8
#define SIZEOF_LONG 8
#define HAVE_POPEN 1
#define HAVE_PERROR 1
#define HAVE_SNPRINTF 1
#define HAVE_ICONV 1
#define ICONV_CONST 
#define WITH_LAPACK /**/
#define HAVE_LIBM 1
#define HAVE_PTHREAD_H 1
#define HAVE_LIBPTHREAD 1
#define ENABLE_THREADS /**/
#define AD_BACKEND_PULSEAUDIO /**/
#define HAVE_LIBPULSE_SIMPLE 1
#define HAVE_LIBPULSE 1
#define HAVE_DLFCN_H 1
#define LT_OBJDIR ".libs/"

configure: exit 0

## ---------------------- ##
## Running config.status. ##
## ---------------------- ##

This file was extended by sphinxbase config.status 5prealpha, which was
generated by GNU Autoconf 2.69.  Invocation command line was

  CONFIG_FILES    = 
  CONFIG_HEADERS  = 
  CONFIG_LINKS    = 
  CONFIG_COMMANDS = 
  $ ./config.status include/config.h

on debiandesk

config.status:1168: creating include/config.h
config.status:1349: include/config.h is unchanged

## ---------------------- ##
## Running config.status. ##
## ---------------------- ##

This file was extended by sphinxbase config.status 5prealpha, which was
generated by GNU Autoconf 2.69.  Invocation command line was

  CONFIG_FILES    = 
  CONFIG_HEADERS  = 
  CONFIG_LINKS    = 
  CONFIG_COMMANDS = 
  $ ./config.status sphinxbase.pc

on debiandesk

config.status:1168: creating sphinxbase.pc

## ---------------------- ##
## Running config.status. ##
## ---------------------- ##

This file was extended by sphinxbase config.status 5prealpha, which was
generated by GNU Autoconf 2.69.  Invocation command line was

  CONFIG_FILES    = 
  CONFIG_HEADERS  = 
  CONFIG_LINKS    = 
  CONFIG_COMMANDS = 
  $ ./config.status sphinxbase.pc

on debiandesk

config.status:1168: creating sphinxbase.pc
